Using pre-set license
Built from '2021.1/staging' branch; Version is '2021.1.3f1 (4bef613afd59) revision 4976481'; Using compiler version '192528614'; Build Type 'Release'
OS: 'Windows 10 Home; OS build 19044.1586; Version 2009; 64bit' Language: 'en' Physical Memory: 16314 MB
BatchMode: 1, IsHumanControllingUs: 0, StartBugReporterOnCrash: 0, Is64bit: 1, IsPro: 0

 COMMAND LINE ARGUMENTS:
C:\Program Files\Unity 2021.1.3f1\Editor\Unity.exe
-adb2
-batchMode
-noUpm
-name
AssetImportWorker1
-projectPath
C:/Users/minec/Documents/MiniJam#99/Mini-Jam-99/Boid Demo
-logFile
Logs/AssetImportWorker1.log
-srvPort
60933
Successfully changed project path to: C:/Users/minec/Documents/MiniJam#99/Mini-Jam-99/Boid Demo
C:/Users/minec/Documents/MiniJam#99/Mini-Jam-99/Boid Demo
Using Asset Import Pipeline V2.
Refreshing native plugins compatible for Editor in 135.80 ms, found 2 plugins.
Preloading 0 native plugins for Editor in 0.00 ms.
Initialize engine version: 2021.1.3f1 (4bef613afd59)
[Subsystems] Discovering subsystems at path C:/Program Files/Unity 2021.1.3f1/Editor/Data/Resources/UnitySubsystems
[Subsystems] Discovering subsystems at path C:/Users/minec/Documents/MiniJam#99/Mini-Jam-99/Boid Demo/Assets
GfxDevice: creating device client; threaded=0; jobified=0
Direct3D:
    Version:  Direct3D 11.0 [level 11.1]
    Renderer: NVIDIA GeForce GTX 1650 SUPER (ID=0x2187)
    Vendor:   NVIDIA
    VRAM:     3955 MB
    Driver:   30.0.15.1179
Shader 'Universal Render Pipeline/Particles/Lit': fallback shader 'Universal Render Pipeline/Particles/SimpleLit' not found
Initialize mono
Mono path[0] = 'C:/Program Files/Unity 2021.1.3f1/Editor/Data/Managed'
Mono path[1] = 'C:/Program Files/Unity 2021.1.3f1/Editor/Data/MonoBleedingEdge/lib/mono/unityjit'
Mono config path = 'C:/Program Files/Unity 2021.1.3f1/Editor/Data/MonoBleedingEdge/etc'
Using monoOptions --debugger-agent=transport=dt_socket,embedding=1,server=y,suspend=n,address=127.0.0.1:56516
Begin MonoManager ReloadAssembly
Registering precompiled unity dll's ...
Register platform support module: C:/Program Files/Unity 2021.1.3f1/Editor/Data/PlaybackEngines/WebGLSupport/UnityEditor.WebGL.Extensions.dll
Register platform support module: C:/Program Files/Unity 2021.1.3f1/Editor/Data/PlaybackEngines/WindowsStandaloneSupport/UnityEditor.WindowsStandalone.Extensions.dll
Registered in 0.003562 seconds.
Native extension for WindowsStandalone target not found
Native extension for WebGL target not found
Refreshing native plugins compatible for Editor in 147.92 ms, found 2 plugins.
Preloading 0 native plugins for Editor in 0.00 ms.
Mono: successfully reloaded assembly
- Completed reload, in  1.862 seconds
Platform modules already initialized, skipping
Registering precompiled user dll's ...
Registered in 0.005277 seconds.
Begin MonoManager ReloadAssembly
Native extension for WindowsStandalone target not found
Native extension for WebGL target not found
Refreshing native plugins compatible for Editor in 148.35 ms, found 2 plugins.
Preloading 0 native plugins for Editor in 0.00 ms.
Mono: successfully reloaded assembly
- Completed reload, in  1.435 seconds
Platform modules already initialized, skipping
========================================================================
Worker process is ready to serve import requests
Shader 'Universal Render Pipeline/Particles/Lit': fallback shader 'Universal Render Pipeline/Particles/SimpleLit' not found
Launched and connected shader compiler UnityShaderCompiler.exe after 0.08 seconds
Refreshing native plugins compatible for Editor in 0.77 ms, found 2 plugins.
Preloading 0 native plugins for Editor in 0.00 ms.
Unloading 4539 Unused Serialized files (Serialized files now loaded: 0)
System memory in use before: 187.8 MB.
System memory in use after: 187.9 MB.

Unloading 28 unused Assets to reduce memory usage. Loaded Objects now: 5009.
Total: 2.944600 ms (FindLiveObjects: 0.356900 ms CreateObjectMapping: 0.121000 ms MarkObjects: 2.340900 ms  DeleteObjects: 0.124900 ms)

========================================================================
Received Import Request.
  path: Assets/Prefabs/Arow_Purple.prefab
  artifactKey: Guid(3a2202c60d3bf784eaba02d8969bd902) Importer(815301076,1909f56bfc062723c751e8b465ee728b)
Start importing Assets/Prefabs/Arow_Purple.prefab using Guid(3a2202c60d3bf784eaba02d8969bd902) Importer(815301076,1909f56bfc062723c751e8b465ee728b)  -> (artifact id: '598ad0e2035c7f432474aea3f5399c24') in 0.246533 seconds 
========================================================================
Received Import Request.
  Time since last request: 11.062639 seconds.
  path: Assets/Prefabs/Arow_Pink.prefab
  artifactKey: Guid(fb2675f194ca1834e991bf875ba406bd) Importer(815301076,1909f56bfc062723c751e8b465ee728b)
Start importing Assets/Prefabs/Arow_Pink.prefab using Guid(fb2675f194ca1834e991bf875ba406bd) Importer(815301076,1909f56bfc062723c751e8b465ee728b)  -> (artifact id: 'b4d71c67b26aec54773c0f0a89e9afbc') in 0.014024 seconds 
========================================================================
Received Prepare
Registering precompiled user dll's ...
Registered in 0.004997 seconds.
Begin MonoManager ReloadAssembly
Native extension for WindowsStandalone target not found
Native extension for WebGL target not found
Refreshing native plugins compatible for Editor in 0.85 ms, found 2 plugins.
Preloading 0 native plugins for Editor in 0.00 ms.
Mono: successfully reloaded assembly
- Completed reload, in  1.257 seconds
Platform modules already initialized, skipping
Shader 'Universal Render Pipeline/Particles/Lit': fallback shader 'Universal Render Pipeline/Particles/SimpleLit' not found
Refreshing native plugins compatible for Editor in 0.84 ms, found 2 plugins.
Preloading 0 native plugins for Editor in 0.00 ms.
Unloading 4429 Unused Serialized files (Serialized files now loaded: 0)
System memory in use before: 187.1 MB.
System memory in use after: 187.2 MB.

Unloading 17 unused Assets to reduce memory usage. Loaded Objects now: 5060.
Total: 3.461300 ms (FindLiveObjects: 0.365200 ms CreateObjectMapping: 0.122100 ms MarkObjects: 2.855900 ms  DeleteObjects: 0.117100 ms)

========================================================================
Received Import Request.
  Time since last request: 46.962437 seconds.
  path: Assets/Prefabs/Light_Pink.prefab
  artifactKey: Guid(757421ba0aaefa94e84a6c14f4e8434c) Importer(815301076,1909f56bfc062723c751e8b465ee728b)
Start importing Assets/Prefabs/Light_Pink.prefab using Guid(757421ba0aaefa94e84a6c14f4e8434c) Importer(815301076,1909f56bfc062723c751e8b465ee728b)  -> (artifact id: '4a0220617298114eb7b62a286d52dd2f') in 0.037408 seconds 
========================================================================
Received Import Request.
  Time since last request: 9.499108 seconds.
  path: Assets/Prefabs/Light_Purple.prefab
  artifactKey: Guid(dd387d910b08a264d9346459f50e1591) Importer(815301076,1909f56bfc062723c751e8b465ee728b)
Start importing Assets/Prefabs/Light_Purple.prefab using Guid(dd387d910b08a264d9346459f50e1591) Importer(815301076,1909f56bfc062723c751e8b465ee728b)  -> (artifact id: 'c38f5a2b8359d8cc0e2401487e72103f') in 0.006267 seconds 
========================================================================
Received Prepare
Registering precompiled user dll's ...
Registered in 0.004890 seconds.
Begin MonoManager ReloadAssembly
Native extension for WindowsStandalone target not found
Native extension for WebGL target not found
Refreshing native plugins compatible for Editor in 0.84 ms, found 2 plugins.
Preloading 0 native plugins for Editor in 0.00 ms.
Mono: successfully reloaded assembly
- Completed reload, in  1.271 seconds
Platform modules already initialized, skipping
Shader 'Universal Render Pipeline/Particles/Lit': fallback shader 'Universal Render Pipeline/Particles/SimpleLit' not found
Refreshing native plugins compatible for Editor in 0.87 ms, found 2 plugins.
Preloading 0 native plugins for Editor in 0.00 ms.
Unloading 4429 Unused Serialized files (Serialized files now loaded: 0)
System memory in use before: 187.1 MB.
System memory in use after: 187.2 MB.

Unloading 17 unused Assets to reduce memory usage. Loaded Objects now: 5064.
Total: 3.726400 ms (FindLiveObjects: 0.558900 ms CreateObjectMapping: 0.249200 ms MarkObjects: 2.796900 ms  DeleteObjects: 0.119900 ms)

========================================================================
Received Prepare
Registering precompiled user dll's ...
Registered in 0.004912 seconds.
Begin MonoManager ReloadAssembly
Native extension for WindowsStandalone target not found
Native extension for WebGL target not found
Refreshing native plugins compatible for Editor in 0.78 ms, found 2 plugins.
Preloading 0 native plugins for Editor in 0.00 ms.
Mono: successfully reloaded assembly
- Completed reload, in  1.261 seconds
Platform modules already initialized, skipping
Shader 'Universal Render Pipeline/Particles/Lit': fallback shader 'Universal Render Pipeline/Particles/SimpleLit' not found
Refreshing native plugins compatible for Editor in 0.79 ms, found 2 plugins.
Preloading 0 native plugins for Editor in 0.00 ms.
Unloading 4429 Unused Serialized files (Serialized files now loaded: 0)
System memory in use before: 187.1 MB.
System memory in use after: 187.3 MB.

Unloading 17 unused Assets to reduce memory usage. Loaded Objects now: 5068.
Total: 3.332000 ms (FindLiveObjects: 0.498500 ms CreateObjectMapping: 0.181600 ms MarkObjects: 2.520300 ms  DeleteObjects: 0.130000 ms)

========================================================================
Received Prepare
Registering precompiled user dll's ...
Registered in 0.004952 seconds.
Begin MonoManager ReloadAssembly
Native extension for WindowsStandalone target not found
Native extension for WebGL target not found
Refreshing native plugins compatible for Editor in 0.78 ms, found 2 plugins.
Preloading 0 native plugins for Editor in 0.00 ms.
Mono: successfully reloaded assembly
- Completed reload, in  1.223 seconds
Platform modules already initialized, skipping
Shader 'Universal Render Pipeline/Particles/Lit': fallback shader 'Universal Render Pipeline/Particles/SimpleLit' not found
Refreshing native plugins compatible for Editor in 0.78 ms, found 2 plugins.
Preloading 0 native plugins for Editor in 0.00 ms.
Unloading 4429 Unused Serialized files (Serialized files now loaded: 0)
System memory in use before: 187.2 MB.
System memory in use after: 187.3 MB.

Unloading 17 unused Assets to reduce memory usage. Loaded Objects now: 5072.
Total: 3.029500 ms (FindLiveObjects: 0.360900 ms CreateObjectMapping: 0.119000 ms MarkObjects: 2.434400 ms  DeleteObjects: 0.114200 ms)

========================================================================
Received Prepare
Registering precompiled user dll's ...
Registered in 0.005214 seconds.
Begin MonoManager ReloadAssembly
Native extension for WindowsStandalone target not found
Native extension for WebGL target not found
Refreshing native plugins compatible for Editor in 0.77 ms, found 2 plugins.
Preloading 0 native plugins for Editor in 0.00 ms.
Mono: successfully reloaded assembly
- Completed reload, in  1.208 seconds
Platform modules already initialized, skipping
Shader 'Universal Render Pipeline/Particles/Lit': fallback shader 'Universal Render Pipeline/Particles/SimpleLit' not found
Refreshing native plugins compatible for Editor in 0.80 ms, found 2 plugins.
Preloading 0 native plugins for Editor in 0.00 ms.
Unloading 4429 Unused Serialized files (Serialized files now loaded: 0)
System memory in use before: 187.2 MB.
System memory in use after: 187.3 MB.

Unloading 17 unused Assets to reduce memory usage. Loaded Objects now: 5076.
Total: 3.198700 ms (FindLiveObjects: 0.359800 ms CreateObjectMapping: 0.120400 ms MarkObjects: 2.599800 ms  DeleteObjects: 0.116900 ms)

========================================================================
Received Prepare
Registering precompiled user dll's ...
Registered in 0.005163 seconds.
Begin MonoManager ReloadAssembly
Native extension for WindowsStandalone target not found
Native extension for WebGL target not found
Refreshing native plugins compatible for Editor in 0.77 ms, found 2 plugins.
Preloading 0 native plugins for Editor in 0.00 ms.
Mono: successfully reloaded assembly
- Completed reload, in  1.239 seconds
Platform modules already initialized, skipping
Shader 'Universal Render Pipeline/Particles/Lit': fallback shader 'Universal Render Pipeline/Particles/SimpleLit' not found
Refreshing native plugins compatible for Editor in 0.89 ms, found 2 plugins.
Preloading 0 native plugins for Editor in 0.00 ms.
Unloading 4429 Unused Serialized files (Serialized files now loaded: 0)
System memory in use before: 187.2 MB.
System memory in use after: 187.3 MB.

Unloading 17 unused Assets to reduce memory usage. Loaded Objects now: 5080.
Total: 3.577200 ms (FindLiveObjects: 0.482900 ms CreateObjectMapping: 0.126800 ms MarkObjects: 2.842600 ms  DeleteObjects: 0.123100 ms)

========================================================================
Received Prepare
Registering precompiled user dll's ...
Registered in 0.005035 seconds.
Begin MonoManager ReloadAssembly
Native extension for WindowsStandalone target not found
Native extension for WebGL target not found
Refreshing native plugins compatible for Editor in 0.80 ms, found 2 plugins.
Preloading 0 native plugins for Editor in 0.00 ms.
Mono: successfully reloaded assembly
- Completed reload, in  1.252 seconds
Platform modules already initialized, skipping
Shader 'Universal Render Pipeline/Particles/Lit': fallback shader 'Universal Render Pipeline/Particles/SimpleLit' not found
Refreshing native plugins compatible for Editor in 0.82 ms, found 2 plugins.
Preloading 0 native plugins for Editor in 0.00 ms.
Unloading 4430 Unused Serialized files (Serialized files now loaded: 0)
System memory in use before: 187.2 MB.
System memory in use after: 187.3 MB.

Unloading 17 unused Assets to reduce memory usage. Loaded Objects now: 5085.
Total: 3.493500 ms (FindLiveObjects: 0.412100 ms CreateObjectMapping: 0.122400 ms MarkObjects: 2.832800 ms  DeleteObjects: 0.124900 ms)

========================================================================
Received Import Request.
  Time since last request: 381.711557 seconds.
  path: Assets/Scripts/ObstacleFilter.cs
  artifactKey: Guid(20a17a1d0261cf044ac4e3a9a59d8bb9) Importer(815301076,1909f56bfc062723c751e8b465ee728b)
Start importing Assets/Scripts/ObstacleFilter.cs using Guid(20a17a1d0261cf044ac4e3a9a59d8bb9) Importer(815301076,1909f56bfc062723c751e8b465ee728b)  -> (artifact id: '10f501931f1c40bcf791cc7cb6e8d5f7') in 0.013711 seconds 
========================================================================
Received Prepare
Registering precompiled user dll's ...
Registered in 0.004961 seconds.
Begin MonoManager ReloadAssembly
Native extension for WindowsStandalone target not found
Native extension for WebGL target not found
Refreshing native plugins compatible for Editor in 0.95 ms, found 2 plugins.
Preloading 0 native plugins for Editor in 0.00 ms.
Mono: successfully reloaded assembly
- Completed reload, in  1.262 seconds
Platform modules already initialized, skipping
Shader 'Universal Render Pipeline/Particles/Lit': fallback shader 'Universal Render Pipeline/Particles/SimpleLit' not found
Refreshing native plugins compatible for Editor in 0.84 ms, found 2 plugins.
Preloading 0 native plugins for Editor in 0.00 ms.
Unloading 4429 Unused Serialized files (Serialized files now loaded: 0)
System memory in use before: 187.2 MB.
System memory in use after: 187.3 MB.

Unloading 18 unused Assets to reduce memory usage. Loaded Objects now: 5088.
Total: 3.408300 ms (FindLiveObjects: 0.397800 ms CreateObjectMapping: 0.135900 ms MarkObjects: 2.740100 ms  DeleteObjects: 0.132900 ms)

========================================================================
Received Import Request.
  Time since last request: 25.577514 seconds.
  path: Assets/Scripts/PhysicsLayerFilter.cs
  artifactKey: Guid(d22006de6d11b0d45bfbe202e273feb0) Importer(815301076,1909f56bfc062723c751e8b465ee728b)
Start importing Assets/Scripts/PhysicsLayerFilter.cs using Guid(d22006de6d11b0d45bfbe202e273feb0) Importer(815301076,1909f56bfc062723c751e8b465ee728b)  -> (artifact id: 'b04832e09e4d4c5ab854e1c5a8d185c0') in 0.009334 seconds 
========================================================================
Received Prepare
Registering precompiled user dll's ...
Registered in 0.005242 seconds.
Begin MonoManager ReloadAssembly
Native extension for WindowsStandalone target not found
Native extension for WebGL target not found
Refreshing native plugins compatible for Editor in 0.78 ms, found 2 plugins.
Preloading 0 native plugins for Editor in 0.00 ms.
Mono: successfully reloaded assembly
- Completed reload, in  1.229 seconds
Platform modules already initialized, skipping
Shader 'Universal Render Pipeline/Particles/Lit': fallback shader 'Universal Render Pipeline/Particles/SimpleLit' not found
Refreshing native plugins compatible for Editor in 0.86 ms, found 2 plugins.
Preloading 0 native plugins for Editor in 0.00 ms.
Unloading 4430 Unused Serialized files (Serialized files now loaded: 0)
System memory in use before: 187.3 MB.
System memory in use after: 187.4 MB.

Unloading 17 unused Assets to reduce memory usage. Loaded Objects now: 5093.
Total: 3.905400 ms (FindLiveObjects: 0.495400 ms CreateObjectMapping: 0.134400 ms MarkObjects: 3.146800 ms  DeleteObjects: 0.127300 ms)

========================================================================
Received Prepare
Registering precompiled user dll's ...
Registered in 0.004880 seconds.
Begin MonoManager ReloadAssembly
Native extension for WindowsStandalone target not found
Native extension for WebGL target not found
Refreshing native plugins compatible for Editor in 1.06 ms, found 2 plugins.
Preloading 0 native plugins for Editor in 0.00 ms.
Mono: successfully reloaded assembly
- Completed reload, in  1.264 seconds
Platform modules already initialized, skipping
Shader 'Universal Render Pipeline/Particles/Lit': fallback shader 'Universal Render Pipeline/Particles/SimpleLit' not found
Refreshing native plugins compatible for Editor in 0.82 ms, found 2 plugins.
Preloading 0 native plugins for Editor in 0.00 ms.
Unloading 4430 Unused Serialized files (Serialized files now loaded: 0)
System memory in use before: 187.3 MB.
System memory in use after: 187.4 MB.

Unloading 17 unused Assets to reduce memory usage. Loaded Objects now: 5097.
Total: 3.412700 ms (FindLiveObjects: 0.477300 ms CreateObjectMapping: 0.160100 ms MarkObjects: 2.654200 ms  DeleteObjects: 0.120000 ms)

========================================================================
Received Import Request.
  Time since last request: 183.618544 seconds.
  path: Assets/Scripts/PhysicsLayerFilter.cs
  artifactKey: Guid(d22006de6d11b0d45bfbe202e273feb0) Importer(815301076,1909f56bfc062723c751e8b465ee728b)
Start importing Assets/Scripts/PhysicsLayerFilter.cs using Guid(d22006de6d11b0d45bfbe202e273feb0) Importer(815301076,1909f56bfc062723c751e8b465ee728b)  -> (artifact id: 'ef1e6d2cd9298441a8496fcdec45a479') in 0.007776 seconds 
========================================================================
Received Import Request.
  Time since last request: 19.207370 seconds.
  path: Assets/Filters/PhysicsLayer1.asset
  artifactKey: Guid(03f6c7a12187ac741b35f172c3849cdb) Importer(815301076,1909f56bfc062723c751e8b465ee728b)
Start importing Assets/Filters/PhysicsLayer1.asset using Guid(03f6c7a12187ac741b35f172c3849cdb) Importer(815301076,1909f56bfc062723c751e8b465ee728b)  -> (artifact id: '0f5f3c4d9d5a5f7cc02c0da59462631b') in 0.015623 seconds 
========================================================================
Received Import Request.
  Time since last request: 14.081313 seconds.
  path: Assets/Filters/PhysicsLayer1.asset
  artifactKey: Guid(03f6c7a12187ac741b35f172c3849cdb) Importer(815301076,1909f56bfc062723c751e8b465ee728b)
Start importing Assets/Filters/PhysicsLayer1.asset using Guid(03f6c7a12187ac741b35f172c3849cdb) Importer(815301076,1909f56bfc062723c751e8b465ee728b)  -> (artifact id: '25a5935401d3599553534c1528f689b0') in 0.003765 seconds 
========================================================================
Received Import Request.
  Time since last request: 16.895902 seconds.
  path: Assets/Filters/ObstacleLayer1.asset
  artifactKey: Guid(03f6c7a12187ac741b35f172c3849cdb) Importer(815301076,1909f56bfc062723c751e8b465ee728b)
Start importing Assets/Filters/ObstacleLayer1.asset using Guid(03f6c7a12187ac741b35f172c3849cdb) Importer(815301076,1909f56bfc062723c751e8b465ee728b)  -> (artifact id: '66fb3516280663452a9595957ea8565e') in 0.004228 seconds 
========================================================================
Received Import Request.
  Time since last request: 23.103416 seconds.
  path: Assets/Behaviors/AvoidObstacle1.asset
  artifactKey: Guid(79b9f15da6b76bf4db5b39b915a3a71d) Importer(815301076,1909f56bfc062723c751e8b465ee728b)
Start importing Assets/Behaviors/AvoidObstacle1.asset using Guid(79b9f15da6b76bf4db5b39b915a3a71d) Importer(815301076,1909f56bfc062723c751e8b465ee728b)  -> (artifact id: '8079e817f2409348bd2beffb2a89611a') in 0.004519 seconds 
========================================================================
Received Import Request.
  Time since last request: 6.548845 seconds.
  path: Assets/Behaviors/AvoidObstacle1.asset
  artifactKey: Guid(79b9f15da6b76bf4db5b39b915a3a71d) Importer(815301076,1909f56bfc062723c751e8b465ee728b)
Start importing Assets/Behaviors/AvoidObstacle1.asset using Guid(79b9f15da6b76bf4db5b39b915a3a71d) Importer(815301076,1909f56bfc062723c751e8b465ee728b)  -> (artifact id: '316f848c006ec98ffff10e70269c5832') in 0.004047 seconds 
========================================================================
Received Prepare
Registering precompiled user dll's ...
Registered in 0.005341 seconds.
Begin MonoManager ReloadAssembly
Native extension for WindowsStandalone target not found
Native extension for WebGL target not found
Refreshing native plugins compatible for Editor in 0.77 ms, found 2 plugins.
Preloading 0 native plugins for Editor in 0.00 ms.
Mono: successfully reloaded assembly
- Completed reload, in  1.280 seconds
Platform modules already initialized, skipping
Shader 'Universal Render Pipeline/Particles/Lit': fallback shader 'Universal Render Pipeline/Particles/SimpleLit' not found
Refreshing native plugins compatible for Editor in 0.83 ms, found 2 plugins.
Preloading 0 native plugins for Editor in 0.00 ms.
Unloading 4430 Unused Serialized files (Serialized files now loaded: 0)
System memory in use before: 187.3 MB.
System memory in use after: 187.4 MB.

Unloading 17 unused Assets to reduce memory usage. Loaded Objects now: 5101.
Total: 3.667800 ms (FindLiveObjects: 0.582700 ms CreateObjectMapping: 0.247200 ms MarkObjects: 2.715100 ms  DeleteObjects: 0.121400 ms)

========================================================================
Received Import Request.
  Time since last request: 57.184722 seconds.
  path: Assets/Behaviors/Composite1.asset
  artifactKey: Guid(65028112404262b4c8cc8a80ab2035a3) Importer(815301076,1909f56bfc062723c751e8b465ee728b)
Start importing Assets/Behaviors/Composite1.asset using Guid(65028112404262b4c8cc8a80ab2035a3) Importer(815301076,1909f56bfc062723c751e8b465ee728b)  -> (artifact id: '2a35fc8b205a45d5f41fcff458638eb4') in 0.022002 seconds 
========================================================================
Received Prepare
Registering precompiled user dll's ...
Registered in 0.005460 seconds.
Begin MonoManager ReloadAssembly
Native extension for WindowsStandalone target not found
Native extension for WebGL target not found
Refreshing native plugins compatible for Editor in 0.86 ms, found 2 plugins.
Preloading 0 native plugins for Editor in 0.00 ms.
Mono: successfully reloaded assembly
- Completed reload, in  1.213 seconds
Platform modules already initialized, skipping
Shader 'Universal Render Pipeline/Particles/Lit': fallback shader 'Universal Render Pipeline/Particles/SimpleLit' not found
Refreshing native plugins compatible for Editor in 0.84 ms, found 2 plugins.
Preloading 0 native plugins for Editor in 0.00 ms.
Unloading 4430 Unused Serialized files (Serialized files now loaded: 0)
System memory in use before: 187.3 MB.
System memory in use after: 187.4 MB.

Unloading 17 unused Assets to reduce memory usage. Loaded Objects now: 5105.
Total: 3.243600 ms (FindLiveObjects: 0.471800 ms CreateObjectMapping: 0.117900 ms MarkObjects: 2.532900 ms  DeleteObjects: 0.119900 ms)

========================================================================
Received Prepare
Registering precompiled user dll's ...
Registered in 0.005031 seconds.
Begin MonoManager ReloadAssembly
Native extension for WindowsStandalone target not found
Native extension for WebGL target not found
Refreshing native plugins compatible for Editor in 0.77 ms, found 2 plugins.
Preloading 0 native plugins for Editor in 0.00 ms.
Mono: successfully reloaded assembly
- Completed reload, in  1.234 seconds
Platform modules already initialized, skipping
Shader 'Universal Render Pipeline/Particles/Lit': fallback shader 'Universal Render Pipeline/Particles/SimpleLit' not found
Refreshing native plugins compatible for Editor in 0.82 ms, found 2 plugins.
Preloading 0 native plugins for Editor in 0.00 ms.
Unloading 4430 Unused Serialized files (Serialized files now loaded: 0)
System memory in use before: 187.3 MB.
System memory in use after: 187.4 MB.

Unloading 17 unused Assets to reduce memory usage. Loaded Objects now: 5109.
Total: 3.483200 ms (FindLiveObjects: 0.419200 ms CreateObjectMapping: 0.128700 ms MarkObjects: 2.810600 ms  DeleteObjects: 0.123200 ms)

========================================================================
Received Import Request.
  Time since last request: 48.920990 seconds.
  path: Assets/Behaviors/Composite1.asset
  artifactKey: Guid(65028112404262b4c8cc8a80ab2035a3) Importer(815301076,1909f56bfc062723c751e8b465ee728b)
Start importing Assets/Behaviors/Composite1.asset using Guid(65028112404262b4c8cc8a80ab2035a3) Importer(815301076,1909f56bfc062723c751e8b465ee728b)  -> (artifact id: '5cc1323ffd8e7fb3f9a44832234c1104') in 0.021609 seconds 
========================================================================
Received Prepare
Registering precompiled user dll's ...
Registered in 0.005275 seconds.
Begin MonoManager ReloadAssembly
Native extension for WindowsStandalone target not found
Native extension for WebGL target not found
Refreshing native plugins compatible for Editor in 0.88 ms, found 2 plugins.
Preloading 0 native plugins for Editor in 0.00 ms.
Mono: successfully reloaded assembly
- Completed reload, in  1.298 seconds
Platform modules already initialized, skipping
Shader 'Universal Render Pipeline/Particles/Lit': fallback shader 'Universal Render Pipeline/Particles/SimpleLit' not found
Refreshing native plugins compatible for Editor in 1.07 ms, found 2 plugins.
Preloading 0 native plugins for Editor in 0.00 ms.
Unloading 4430 Unused Serialized files (Serialized files now loaded: 0)
System memory in use before: 187.3 MB.
System memory in use after: 187.4 MB.

Unloading 17 unused Assets to reduce memory usage. Loaded Objects now: 5113.
Total: 3.513200 ms (FindLiveObjects: 0.556400 ms CreateObjectMapping: 0.175100 ms MarkObjects: 2.645800 ms  DeleteObjects: 0.134600 ms)

========================================================================
Received Prepare
Registering precompiled user dll's ...
Registered in 0.004897 seconds.
Begin MonoManager ReloadAssembly
Native extension for WindowsStandalone target not found
Native extension for WebGL target not found
Refreshing native plugins compatible for Editor in 1.11 ms, found 2 plugins.
Preloading 0 native plugins for Editor in 0.00 ms.
Mono: successfully reloaded assembly
- Completed reload, in  1.224 seconds
Platform modules already initialized, skipping
Shader 'Universal Render Pipeline/Particles/Lit': fallback shader 'Universal Render Pipeline/Particles/SimpleLit' not found
Refreshing native plugins compatible for Editor in 0.82 ms, found 2 plugins.
Preloading 0 native plugins for Editor in 0.00 ms.
Unloading 4430 Unused Serialized files (Serialized files now loaded: 0)
System memory in use before: 187.3 MB.
System memory in use after: 187.5 MB.

Unloading 17 unused Assets to reduce memory usage. Loaded Objects now: 5117.
Total: 3.559300 ms (FindLiveObjects: 0.538600 ms CreateObjectMapping: 0.192000 ms MarkObjects: 2.706300 ms  DeleteObjects: 0.120500 ms)

========================================================================
Received Import Request.
  Time since last request: 146.872610 seconds.
  path: Assets/Behaviors/Composite1.asset
  artifactKey: Guid(65028112404262b4c8cc8a80ab2035a3) Importer(815301076,1909f56bfc062723c751e8b465ee728b)
Start importing Assets/Behaviors/Composite1.asset using Guid(65028112404262b4c8cc8a80ab2035a3) Importer(815301076,1909f56bfc062723c751e8b465ee728b)  -> (artifact id: 'a672e5e7c4c2d418edb80868b1617990') in 0.024518 seconds 
========================================================================
Received Prepare
Registering precompiled user dll's ...
Registered in 0.005014 seconds.
Begin MonoManager ReloadAssembly
Native extension for WindowsStandalone target not found
Native extension for WebGL target not found
Refreshing native plugins compatible for Editor in 0.81 ms, found 2 plugins.
Preloading 0 native plugins for Editor in 0.00 ms.
Mono: successfully reloaded assembly
- Completed reload, in  1.269 seconds
Platform modules already initialized, skipping
Shader 'Universal Render Pipeline/Particles/Lit': fallback shader 'Universal Render Pipeline/Particles/SimpleLit' not found
Refreshing native plugins compatible for Editor in 0.84 ms, found 2 plugins.
Preloading 0 native plugins for Editor in 0.00 ms.
Unloading 4430 Unused Serialized files (Serialized files now loaded: 0)
System memory in use before: 187.3 MB.
System memory in use after: 187.5 MB.

Unloading 17 unused Assets to reduce memory usage. Loaded Objects now: 5121.
Total: 3.337500 ms (FindLiveObjects: 0.396000 ms CreateObjectMapping: 0.138800 ms MarkObjects: 2.680200 ms  DeleteObjects: 0.121500 ms)

========================================================================
Received Import Request.
  Time since last request: 302.124992 seconds.
  path: Assets/Behaviors/Composite1.asset
  artifactKey: Guid(65028112404262b4c8cc8a80ab2035a3) Importer(815301076,1909f56bfc062723c751e8b465ee728b)
Start importing Assets/Behaviors/Composite1.asset using Guid(65028112404262b4c8cc8a80ab2035a3) Importer(815301076,1909f56bfc062723c751e8b465ee728b)  -> (artifact id: '0a672c939e875aecd97316846f0d9e0a') in 0.021007 seconds 
========================================================================
Received Prepare
Registering precompiled user dll's ...
Registered in 0.004808 seconds.
Begin MonoManager ReloadAssembly
Native extension for WindowsStandalone target not found
Native extension for WebGL target not found
Refreshing native plugins compatible for Editor in 0.81 ms, found 2 plugins.
Preloading 0 native plugins for Editor in 0.00 ms.
Mono: successfully reloaded assembly
- Completed reload, in  1.205 seconds
Platform modules already initialized, skipping
Shader 'Universal Render Pipeline/Particles/Lit': fallback shader 'Universal Render Pipeline/Particles/SimpleLit' not found
Refreshing native plugins compatible for Editor in 1.06 ms, found 2 plugins.
Preloading 0 native plugins for Editor in 0.00 ms.
Unloading 4430 Unused Serialized files (Serialized files now loaded: 0)
System memory in use before: 187.4 MB.
System memory in use after: 187.5 MB.

Unloading 17 unused Assets to reduce memory usage. Loaded Objects now: 5125.
Total: 3.370100 ms (FindLiveObjects: 0.446800 ms CreateObjectMapping: 0.132400 ms MarkObjects: 2.669600 ms  DeleteObjects: 0.120300 ms)

========================================================================
Received Prepare
Registering precompiled user dll's ...
Registered in 0.005104 seconds.
Begin MonoManager ReloadAssembly
Native extension for WindowsStandalone target not found
Native extension for WebGL target not found
Refreshing native plugins compatible for Editor in 0.80 ms, found 2 plugins.
Preloading 0 native plugins for Editor in 0.00 ms.
Mono: successfully reloaded assembly
- Completed reload, in  1.328 seconds
Platform modules already initialized, skipping
Shader 'Universal Render Pipeline/Particles/Lit': fallback shader 'Universal Render Pipeline/Particles/SimpleLit' not found
Refreshing native plugins compatible for Editor in 1.02 ms, found 2 plugins.
Preloading 0 native plugins for Editor in 0.00 ms.
Unloading 4430 Unused Serialized files (Serialized files now loaded: 0)
System memory in use before: 187.5 MB.
System memory in use after: 187.6 MB.

Unloading 17 unused Assets to reduce memory usage. Loaded Objects now: 5129.
Total: 3.740800 ms (FindLiveObjects: 0.438600 ms CreateObjectMapping: 0.137100 ms MarkObjects: 3.025900 ms  DeleteObjects: 0.137900 ms)

========================================================================
Received Prepare
Registering precompiled user dll's ...
Registered in 0.004808 seconds.
Begin MonoManager ReloadAssembly
Native extension for WindowsStandalone target not found
Native extension for WebGL target not found
Refreshing native plugins compatible for Editor in 0.78 ms, found 2 plugins.
Preloading 0 native plugins for Editor in 0.00 ms.
Mono: successfully reloaded assembly
- Completed reload, in  1.250 seconds
Platform modules already initialized, skipping
Shader 'Universal Render Pipeline/Particles/Lit': fallback shader 'Universal Render Pipeline/Particles/SimpleLit' not found
Refreshing native plugins compatible for Editor in 0.85 ms, found 2 plugins.
Preloading 0 native plugins for Editor in 0.00 ms.
Unloading 4430 Unused Serialized files (Serialized files now loaded: 0)
System memory in use before: 187.5 MB.
System memory in use after: 187.6 MB.

Unloading 17 unused Assets to reduce memory usage. Loaded Objects now: 5133.
Total: 3.342200 ms (FindLiveObjects: 0.422200 ms CreateObjectMapping: 0.128000 ms MarkObjects: 2.655600 ms  DeleteObjects: 0.135000 ms)

========================================================================
Received Prepare
Registering precompiled user dll's ...
Registered in 0.005008 seconds.
Begin MonoManager ReloadAssembly
Native extension for WindowsStandalone target not found
Native extension for WebGL target not found
Refreshing native plugins compatible for Editor in 0.80 ms, found 2 plugins.
Preloading 0 native plugins for Editor in 0.00 ms.
Mono: successfully reloaded assembly
- Completed reload, in  1.205 seconds
Platform modules already initialized, skipping
Shader 'Universal Render Pipeline/Particles/Lit': fallback shader 'Universal Render Pipeline/Particles/SimpleLit' not found
Refreshing native plugins compatible for Editor in 0.80 ms, found 2 plugins.
Preloading 0 native plugins for Editor in 0.00 ms.
Unloading 4430 Unused Serialized files (Serialized files now loaded: 0)
System memory in use before: 187.5 MB.
System memory in use after: 187.6 MB.

Unloading 17 unused Assets to reduce memory usage. Loaded Objects now: 5137.
Total: 3.115900 ms (FindLiveObjects: 0.394000 ms CreateObjectMapping: 0.121700 ms MarkObjects: 2.478700 ms  DeleteObjects: 0.120500 ms)

========================================================================
Received Import Request.
  Time since last request: 117.553810 seconds.
  path: Assets/Behaviors/Composite1.asset
  artifactKey: Guid(65028112404262b4c8cc8a80ab2035a3) Importer(815301076,1909f56bfc062723c751e8b465ee728b)
Start importing Assets/Behaviors/Composite1.asset using Guid(65028112404262b4c8cc8a80ab2035a3) Importer(815301076,1909f56bfc062723c751e8b465ee728b)  -> (artifact id: '274e9b8026591c5d0fe1ede2b7fb3aae') in 0.020121 seconds 
========================================================================
Received Prepare
Registering precompiled user dll's ...
Registered in 0.004882 seconds.
Begin MonoManager ReloadAssembly
Native extension for WindowsStandalone target not found
Native extension for WebGL target not found
Refreshing native plugins compatible for Editor in 0.84 ms, found 2 plugins.
Preloading 0 native plugins for Editor in 0.00 ms.
Mono: successfully reloaded assembly
- Completed reload, in  1.206 seconds
Platform modules already initialized, skipping
Shader 'Universal Render Pipeline/Particles/Lit': fallback shader 'Universal Render Pipeline/Particles/SimpleLit' not found
Refreshing native plugins compatible for Editor in 0.81 ms, found 2 plugins.
Preloading 0 native plugins for Editor in 0.00 ms.
Unloading 4430 Unused Serialized files (Serialized files now loaded: 0)
System memory in use before: 187.5 MB.
System memory in use after: 187.6 MB.

Unloading 17 unused Assets to reduce memory usage. Loaded Objects now: 5141.
Total: 2.988700 ms (FindLiveObjects: 0.364500 ms CreateObjectMapping: 0.119100 ms MarkObjects: 2.389300 ms  DeleteObjects: 0.114600 ms)

========================================================================
Received Import Request.
  Time since last request: 171.023074 seconds.
  path: Assets/Behaviors/Composite1.asset
  artifactKey: Guid(65028112404262b4c8cc8a80ab2035a3) Importer(815301076,1909f56bfc062723c751e8b465ee728b)
Start importing Assets/Behaviors/Composite1.asset using Guid(65028112404262b4c8cc8a80ab2035a3) Importer(815301076,1909f56bfc062723c751e8b465ee728b)  -> (artifact id: 'd75ecdaabd3002b6f117bf37a4dae54c') in 0.023002 seconds 
========================================================================
Received Prepare
Registering precompiled user dll's ...
Registered in 0.005024 seconds.
Begin MonoManager ReloadAssembly
Native extension for WindowsStandalone target not found
Native extension for WebGL target not found
Refreshing native plugins compatible for Editor in 0.84 ms, found 2 plugins.
Preloading 0 native plugins for Editor in 0.00 ms.
Mono: successfully reloaded assembly
- Completed reload, in  1.229 seconds
Platform modules already initialized, skipping
Shader 'Universal Render Pipeline/Particles/Lit': fallback shader 'Universal Render Pipeline/Particles/SimpleLit' not found
Refreshing native plugins compatible for Editor in 0.82 ms, found 2 plugins.
Preloading 0 native plugins for Editor in 0.00 ms.
Unloading 4430 Unused Serialized files (Serialized files now loaded: 0)
System memory in use before: 187.5 MB.
System memory in use after: 187.6 MB.

Unloading 17 unused Assets to reduce memory usage. Loaded Objects now: 5145.
Total: 3.304500 ms (FindLiveObjects: 0.412800 ms CreateObjectMapping: 0.126500 ms MarkObjects: 2.645100 ms  DeleteObjects: 0.118900 ms)

========================================================================
Received Import Request.
  Time since last request: 13.513306 seconds.
  path: Assets/Behaviors/Composite1.asset
  artifactKey: Guid(65028112404262b4c8cc8a80ab2035a3) Importer(815301076,1909f56bfc062723c751e8b465ee728b)
Start importing Assets/Behaviors/Composite1.asset using Guid(65028112404262b4c8cc8a80ab2035a3) Importer(815301076,1909f56bfc062723c751e8b465ee728b)  -> (artifact id: '06d3130e6e4eaaf4b1dbc5e3e2a5faaa') in 0.022680 seconds 
========================================================================
Received Import Request.
  Time since last request: 45.978814 seconds.
  path: Assets/Behaviors/Composite1.asset
  artifactKey: Guid(65028112404262b4c8cc8a80ab2035a3) Importer(815301076,1909f56bfc062723c751e8b465ee728b)
Start importing Assets/Behaviors/Composite1.asset using Guid(65028112404262b4c8cc8a80ab2035a3) Importer(815301076,1909f56bfc062723c751e8b465ee728b)  -> (artifact id: 'e62f104ec9259dad5e84d22a8655b68d') in 0.005975 seconds 
========================================================================
Received Import Request.
  Time since last request: 2.912062 seconds.
  path: Assets/Behaviors/Composite1.asset
  artifactKey: Guid(65028112404262b4c8cc8a80ab2035a3) Importer(815301076,1909f56bfc062723c751e8b465ee728b)
Start importing Assets/Behaviors/Composite1.asset using Guid(65028112404262b4c8cc8a80ab2035a3) Importer(815301076,1909f56bfc062723c751e8b465ee728b)  -> (artifact id: '1fd0ebb8060a85f2b79c149dcf0ccfab') in 0.006022 seconds 
========================================================================
Received Prepare
Registering precompiled user dll's ...
Registered in 0.005313 seconds.
Begin MonoManager ReloadAssembly
Native extension for WindowsStandalone target not found
Native extension for WebGL target not found
Refreshing native plugins compatible for Editor in 0.78 ms, found 2 plugins.
Preloading 0 native plugins for Editor in 0.00 ms.
Mono: successfully reloaded assembly
- Completed reload, in  1.242 seconds
Platform modules already initialized, skipping
Shader 'Universal Render Pipeline/Particles/Lit': fallback shader 'Universal Render Pipeline/Particles/SimpleLit' not found
Refreshing native plugins compatible for Editor in 0.82 ms, found 2 plugins.
Preloading 0 native plugins for Editor in 0.00 ms.
Unloading 4430 Unused Serialized files (Serialized files now loaded: 0)
System memory in use before: 187.5 MB.
System memory in use after: 187.6 MB.

Unloading 17 unused Assets to reduce memory usage. Loaded Objects now: 5149.
Total: 3.245000 ms (FindLiveObjects: 0.525200 ms CreateObjectMapping: 0.132500 ms MarkObjects: 2.467400 ms  DeleteObjects: 0.118700 ms)

========================================================================
Received Prepare
Registering precompiled user dll's ...
Registered in 0.005477 seconds.
Begin MonoManager ReloadAssembly
Native extension for WindowsStandalone target not found
Native extension for WebGL target not found
Refreshing native plugins compatible for Editor in 0.83 ms, found 2 plugins.
Preloading 0 native plugins for Editor in 0.00 ms.
Mono: successfully reloaded assembly
- Completed reload, in  1.202 seconds
Platform modules already initialized, skipping
Shader 'Universal Render Pipeline/Particles/Lit': fallback shader 'Universal Render Pipeline/Particles/SimpleLit' not found
Refreshing native plugins compatible for Editor in 0.82 ms, found 2 plugins.
Preloading 0 native plugins for Editor in 0.00 ms.
Unloading 4430 Unused Serialized files (Serialized files now loaded: 0)
System memory in use before: 187.5 MB.
System memory in use after: 187.6 MB.

Unloading 17 unused Assets to reduce memory usage. Loaded Objects now: 5153.
Total: 3.233200 ms (FindLiveObjects: 0.371200 ms CreateObjectMapping: 0.129500 ms MarkObjects: 2.610500 ms  DeleteObjects: 0.121200 ms)

========================================================================
Received Prepare
Registering precompiled user dll's ...
Registered in 0.004850 seconds.
Begin MonoManager ReloadAssembly
Native extension for WindowsStandalone target not found
Native extension for WebGL target not found
Refreshing native plugins compatible for Editor in 0.81 ms, found 2 plugins.
Preloading 0 native plugins for Editor in 0.00 ms.
Mono: successfully reloaded assembly
- Completed reload, in  1.214 seconds
Platform modules already initialized, skipping
Shader 'Universal Render Pipeline/Particles/Lit': fallback shader 'Universal Render Pipeline/Particles/SimpleLit' not found
Refreshing native plugins compatible for Editor in 0.78 ms, found 2 plugins.
Preloading 0 native plugins for Editor in 0.00 ms.
Unloading 4430 Unused Serialized files (Serialized files now loaded: 0)
System memory in use before: 187.5 MB.
System memory in use after: 187.7 MB.

Unloading 17 unused Assets to reduce memory usage. Loaded Objects now: 5157.
Total: 3.693500 ms (FindLiveObjects: 0.611300 ms CreateObjectMapping: 0.248900 ms MarkObjects: 2.707200 ms  DeleteObjects: 0.125000 ms)

========================================================================
Received Prepare
Registering precompiled user dll's ...
Registered in 0.004859 seconds.
Begin MonoManager ReloadAssembly
Native extension for WindowsStandalone target not found
Native extension for WebGL target not found
Refreshing native plugins compatible for Editor in 0.78 ms, found 2 plugins.
Preloading 0 native plugins for Editor in 0.00 ms.
Mono: successfully reloaded assembly
- Completed reload, in  1.206 seconds
Platform modules already initialized, skipping
Shader 'Universal Render Pipeline/Particles/Lit': fallback shader 'Universal Render Pipeline/Particles/SimpleLit' not found
Refreshing native plugins compatible for Editor in 0.82 ms, found 2 plugins.
Preloading 0 native plugins for Editor in 0.00 ms.
Unloading 4430 Unused Serialized files (Serialized files now loaded: 0)
System memory in use before: 187.5 MB.
System memory in use after: 187.7 MB.

Unloading 17 unused Assets to reduce memory usage. Loaded Objects now: 5161.
Total: 3.694900 ms (FindLiveObjects: 0.587600 ms CreateObjectMapping: 0.268500 ms MarkObjects: 2.714600 ms  DeleteObjects: 0.122900 ms)

========================================================================
Received Prepare
Registering precompiled user dll's ...
Registered in 0.004827 seconds.
Begin MonoManager ReloadAssembly
Native extension for WindowsStandalone target not found
Native extension for WebGL target not found
Refreshing native plugins compatible for Editor in 1.12 ms, found 2 plugins.
Preloading 0 native plugins for Editor in 0.00 ms.
Mono: successfully reloaded assembly
- Completed reload, in  1.224 seconds
Platform modules already initialized, skipping
Shader 'Universal Render Pipeline/Particles/Lit': fallback shader 'Universal Render Pipeline/Particles/SimpleLit' not found
Refreshing native plugins compatible for Editor in 0.83 ms, found 2 plugins.
Preloading 0 native plugins for Editor in 0.00 ms.
Unloading 4430 Unused Serialized files (Serialized files now loaded: 0)
System memory in use before: 187.5 MB.
System memory in use after: 187.7 MB.

Unloading 17 unused Assets to reduce memory usage. Loaded Objects now: 5165.
Total: 3.762400 ms (FindLiveObjects: 0.587600 ms CreateObjectMapping: 0.316500 ms MarkObjects: 2.737000 ms  DeleteObjects: 0.120100 ms)

========================================================================
Received Import Request.
  Time since last request: 283.620197 seconds.
  path: Assets/Behaviors/Composite1.asset
  artifactKey: Guid(65028112404262b4c8cc8a80ab2035a3) Importer(815301076,1909f56bfc062723c751e8b465ee728b)
Start importing Assets/Behaviors/Composite1.asset using Guid(65028112404262b4c8cc8a80ab2035a3) Importer(815301076,1909f56bfc062723c751e8b465ee728b)  -> (artifact id: '68b65bf038fbd4fc18180717155553f4') in 0.019542 seconds 
========================================================================
Received Prepare
Registering precompiled user dll's ...
Registered in 0.004853 seconds.
Begin MonoManager ReloadAssembly
Native extension for WindowsStandalone target not found
Native extension for WebGL target not found
Refreshing native plugins compatible for Editor in 0.78 ms, found 2 plugins.
Preloading 0 native plugins for Editor in 0.00 ms.
Mono: successfully reloaded assembly
- Completed reload, in  1.203 seconds
Platform modules already initialized, skipping
Shader 'Universal Render Pipeline/Particles/Lit': fallback shader 'Universal Render Pipeline/Particles/SimpleLit' not found
Refreshing native plugins compatible for Editor in 0.83 ms, found 2 plugins.
Preloading 0 native plugins for Editor in 0.00 ms.
Unloading 4430 Unused Serialized files (Serialized files now loaded: 0)
System memory in use before: 187.6 MB.
System memory in use after: 187.7 MB.

Unloading 17 unused Assets to reduce memory usage. Loaded Objects now: 5169.
Total: 3.666700 ms (FindLiveObjects: 0.582100 ms CreateObjectMapping: 0.251000 ms MarkObjects: 2.696900 ms  DeleteObjects: 0.135500 ms)

========================================================================
Received Import Request.
  Time since last request: 50.842989 seconds.
  path: Assets/Behaviors/Composite1.asset
  artifactKey: Guid(65028112404262b4c8cc8a80ab2035a3) Importer(815301076,1909f56bfc062723c751e8b465ee728b)
Start importing Assets/Behaviors/Composite1.asset using Guid(65028112404262b4c8cc8a80ab2035a3) Importer(815301076,1909f56bfc062723c751e8b465ee728b)  -> (artifact id: '9f0039ba2d224a5498cc800fabdf361d') in 0.023978 seconds 
========================================================================
Received Import Request.
  Time since last request: 8.450971 seconds.
  path: Assets/Behaviors/Composite1.asset
  artifactKey: Guid(65028112404262b4c8cc8a80ab2035a3) Importer(815301076,1909f56bfc062723c751e8b465ee728b)
Start importing Assets/Behaviors/Composite1.asset using Guid(65028112404262b4c8cc8a80ab2035a3) Importer(815301076,1909f56bfc062723c751e8b465ee728b)  -> (artifact id: 'ec1b102fa512d6a65a6328c50f847a7f') in 0.005809 seconds 
========================================================================
Received Prepare
Registering precompiled user dll's ...
Registered in 0.005637 seconds.
Begin MonoManager ReloadAssembly
Native extension for WindowsStandalone target not found
Native extension for WebGL target not found
Refreshing native plugins compatible for Editor in 0.78 ms, found 2 plugins.
Preloading 0 native plugins for Editor in 0.00 ms.
Mono: successfully reloaded assembly
- Completed reload, in  1.192 seconds
Platform modules already initialized, skipping
Shader 'Universal Render Pipeline/Particles/Lit': fallback shader 'Universal Render Pipeline/Particles/SimpleLit' not found
Refreshing native plugins compatible for Editor in 0.79 ms, found 2 plugins.
Preloading 0 native plugins for Editor in 0.00 ms.
Unloading 4430 Unused Serialized files (Serialized files now loaded: 0)
System memory in use before: 187.6 MB.
System memory in use after: 187.7 MB.

Unloading 17 unused Assets to reduce memory usage. Loaded Objects now: 5173.
Total: 3.483300 ms (FindLiveObjects: 0.498600 ms CreateObjectMapping: 0.143400 ms MarkObjects: 2.711400 ms  DeleteObjects: 0.128700 ms)

========================================================================
Received Prepare
Registering precompiled user dll's ...
Registered in 0.005137 seconds.
Begin MonoManager ReloadAssembly
Native extension for WindowsStandalone target not found
Native extension for WebGL target not found
Refreshing native plugins compatible for Editor in 0.81 ms, found 2 plugins.
Preloading 0 native plugins for Editor in 0.00 ms.
Mono: successfully reloaded assembly
- Completed reload, in  1.232 seconds
Platform modules already initialized, skipping
Shader 'Universal Render Pipeline/Particles/Lit': fallback shader 'Universal Render Pipeline/Particles/SimpleLit' not found
Refreshing native plugins compatible for Editor in 0.80 ms, found 2 plugins.
Preloading 0 native plugins for Editor in 0.00 ms.
Unloading 4430 Unused Serialized files (Serialized files now loaded: 0)
System memory in use before: 187.6 MB.
System memory in use after: 187.7 MB.

Unloading 17 unused Assets to reduce memory usage. Loaded Objects now: 5177.
Total: 3.483700 ms (FindLiveObjects: 0.394500 ms CreateObjectMapping: 0.122800 ms MarkObjects: 2.838100 ms  DeleteObjects: 0.127100 ms)

========================================================================
Received Prepare
Registering precompiled user dll's ...
Registered in 0.004966 seconds.
Begin MonoManager ReloadAssembly
Native extension for WindowsStandalone target not found
Native extension for WebGL target not found
Refreshing native plugins compatible for Editor in 0.79 ms, found 2 plugins.
Preloading 0 native plugins for Editor in 0.00 ms.
Mono: successfully reloaded assembly
- Completed reload, in  1.208 seconds
Platform modules already initialized, skipping
Shader 'Universal Render Pipeline/Particles/Lit': fallback shader 'Universal Render Pipeline/Particles/SimpleLit' not found
Refreshing native plugins compatible for Editor in 1.04 ms, found 2 plugins.
Preloading 0 native plugins for Editor in 0.00 ms.
Unloading 4430 Unused Serialized files (Serialized files now loaded: 0)
System memory in use before: 187.6 MB.
System memory in use after: 187.7 MB.

Unloading 17 unused Assets to reduce memory usage. Loaded Objects now: 5181.
Total: 3.294300 ms (FindLiveObjects: 0.387500 ms CreateObjectMapping: 0.123100 ms MarkObjects: 2.658800 ms  DeleteObjects: 0.123300 ms)

========================================================================
Received Prepare
Registering precompiled user dll's ...
Registered in 0.005054 seconds.
Begin MonoManager ReloadAssembly
Native extension for WindowsStandalone target not found
Native extension for WebGL target not found
Refreshing native plugins compatible for Editor in 0.82 ms, found 2 plugins.
Preloading 0 native plugins for Editor in 0.00 ms.
Mono: successfully reloaded assembly
- Completed reload, in  1.213 seconds
Platform modules already initialized, skipping
Shader 'Universal Render Pipeline/Particles/Lit': fallback shader 'Universal Render Pipeline/Particles/SimpleLit' not found
Refreshing native plugins compatible for Editor in 0.81 ms, found 2 plugins.
Preloading 0 native plugins for Editor in 0.00 ms.
Unloading 4430 Unused Serialized files (Serialized files now loaded: 0)
System memory in use before: 187.6 MB.
System memory in use after: 187.7 MB.

Unloading 17 unused Assets to reduce memory usage. Loaded Objects now: 5185.
Total: 3.102300 ms (FindLiveObjects: 0.393400 ms CreateObjectMapping: 0.125400 ms MarkObjects: 2.463900 ms  DeleteObjects: 0.118800 ms)

========================================================================
Received Prepare
Registering precompiled user dll's ...
Registered in 0.005531 seconds.
Begin MonoManager ReloadAssembly
Native extension for WindowsStandalone target not found
Native extension for WebGL target not found
Refreshing native plugins compatible for Editor in 0.79 ms, found 2 plugins.
Preloading 0 native plugins for Editor in 0.00 ms.
Mono: successfully reloaded assembly
- Completed reload, in  1.227 seconds
Platform modules already initialized, skipping
Shader 'Universal Render Pipeline/Particles/Lit': fallback shader 'Universal Render Pipeline/Particles/SimpleLit' not found
Refreshing native plugins compatible for Editor in 0.82 ms, found 2 plugins.
Preloading 0 native plugins for Editor in 0.00 ms.
Unloading 4430 Unused Serialized files (Serialized files now loaded: 0)
System memory in use before: 187.6 MB.
System memory in use after: 187.7 MB.

Unloading 17 unused Assets to reduce memory usage. Loaded Objects now: 5189.
Total: 3.692800 ms (FindLiveObjects: 0.601700 ms CreateObjectMapping: 0.264000 ms MarkObjects: 2.699700 ms  DeleteObjects: 0.126400 ms)

========================================================================
Received Prepare
Registering precompiled user dll's ...
Registered in 0.004868 seconds.
Begin MonoManager ReloadAssembly
Native extension for WindowsStandalone target not found
Native extension for WebGL target not found
Refreshing native plugins compatible for Editor in 0.79 ms, found 2 plugins.
Preloading 0 native plugins for Editor in 0.00 ms.
Mono: successfully reloaded assembly
- Completed reload, in  1.305 seconds
Platform modules already initialized, skipping
Shader 'Universal Render Pipeline/Particles/Lit': fallback shader 'Universal Render Pipeline/Particles/SimpleLit' not found
Refreshing native plugins compatible for Editor in 1.03 ms, found 2 plugins.
Preloading 0 native plugins for Editor in 0.00 ms.
Unloading 4430 Unused Serialized files (Serialized files now loaded: 0)
System memory in use before: 187.6 MB.
System memory in use after: 187.7 MB.

Unloading 17 unused Assets to reduce memory usage. Loaded Objects now: 5193.
Total: 3.459600 ms (FindLiveObjects: 0.540000 ms CreateObjectMapping: 0.147700 ms MarkObjects: 2.648700 ms  DeleteObjects: 0.122300 ms)

========================================================================
Received Prepare
Registering precompiled user dll's ...
Registered in 0.004858 seconds.
Begin MonoManager ReloadAssembly
Native extension for WindowsStandalone target not found
Native extension for WebGL target not found
Refreshing native plugins compatible for Editor in 0.87 ms, found 2 plugins.
Preloading 0 native plugins for Editor in 0.00 ms.
Mono: successfully reloaded assembly
- Completed reload, in  1.234 seconds
Platform modules already initialized, skipping
Shader 'Universal Render Pipeline/Particles/Lit': fallback shader 'Universal Render Pipeline/Particles/SimpleLit' not found
Refreshing native plugins compatible for Editor in 1.21 ms, found 2 plugins.
Preloading 0 native plugins for Editor in 0.00 ms.
Unloading 4430 Unused Serialized files (Serialized files now loaded: 0)
System memory in use before: 187.6 MB.
System memory in use after: 187.8 MB.

Unloading 17 unused Assets to reduce memory usage. Loaded Objects now: 5197.
Total: 3.296100 ms (FindLiveObjects: 0.399600 ms CreateObjectMapping: 0.120600 ms MarkObjects: 2.653700 ms  DeleteObjects: 0.121500 ms)

========================================================================
Received Prepare
Registering precompiled user dll's ...
Registered in 0.004895 seconds.
Begin MonoManager ReloadAssembly
Native extension for WindowsStandalone target not found
Native extension for WebGL target not found
Refreshing native plugins compatible for Editor in 0.78 ms, found 2 plugins.
Preloading 0 native plugins for Editor in 0.00 ms.
Mono: successfully reloaded assembly
- Completed reload, in  1.215 seconds
Platform modules already initialized, skipping
Shader 'Universal Render Pipeline/Particles/Lit': fallback shader 'Universal Render Pipeline/Particles/SimpleLit' not found
Refreshing native plugins compatible for Editor in 0.82 ms, found 2 plugins.
Preloading 0 native plugins for Editor in 0.00 ms.
Unloading 4430 Unused Serialized files (Serialized files now loaded: 0)
System memory in use before: 187.6 MB.
System memory in use after: 187.8 MB.

Unloading 17 unused Assets to reduce memory usage. Loaded Objects now: 5201.
Total: 3.332500 ms (FindLiveObjects: 0.385900 ms CreateObjectMapping: 0.126700 ms MarkObjects: 2.692500 ms  DeleteObjects: 0.126400 ms)

========================================================================
Received Import Request.
  Time since last request: 1348.205542 seconds.
  path: Assets/Behaviors/Composite1.asset
  artifactKey: Guid(65028112404262b4c8cc8a80ab2035a3) Importer(815301076,1909f56bfc062723c751e8b465ee728b)
Start importing Assets/Behaviors/Composite1.asset using Guid(65028112404262b4c8cc8a80ab2035a3) Importer(815301076,1909f56bfc062723c751e8b465ee728b)  -> (artifact id: '6d86e43f51a616e760dbc3fd0bbcc4ef') in 0.023410 seconds 
========================================================================
Received Prepare
Registering precompiled user dll's ...
Registered in 0.005038 seconds.
Begin MonoManager ReloadAssembly
Native extension for WindowsStandalone target not found
Native extension for WebGL target not found
Refreshing native plugins compatible for Editor in 0.79 ms, found 2 plugins.
Preloading 0 native plugins for Editor in 0.00 ms.
Mono: successfully reloaded assembly
- Completed reload, in  1.270 seconds
Platform modules already initialized, skipping
Shader 'Universal Render Pipeline/Particles/Lit': fallback shader 'Universal Render Pipeline/Particles/SimpleLit' not found
Refreshing native plugins compatible for Editor in 0.98 ms, found 2 plugins.
Preloading 0 native plugins for Editor in 0.00 ms.
Unloading 4430 Unused Serialized files (Serialized files now loaded: 0)
System memory in use before: 187.6 MB.
System memory in use after: 187.8 MB.

Unloading 17 unused Assets to reduce memory usage. Loaded Objects now: 5205.
Total: 3.682900 ms (FindLiveObjects: 0.416300 ms CreateObjectMapping: 0.133200 ms MarkObjects: 2.989100 ms  DeleteObjects: 0.142900 ms)

========================================================================
Received Prepare
Registering precompiled user dll's ...
Registered in 0.005060 seconds.
Begin MonoManager ReloadAssembly
Native extension for WindowsStandalone target not found
Native extension for WebGL target not found
Refreshing native plugins compatible for Editor in 0.79 ms, found 2 plugins.
Preloading 0 native plugins for Editor in 0.00 ms.
Mono: successfully reloaded assembly
- Completed reload, in  1.248 seconds
Platform modules already initialized, skipping
Shader 'Universal Render Pipeline/Particles/Lit': fallback shader 'Universal Render Pipeline/Particles/SimpleLit' not found
Refreshing native plugins compatible for Editor in 0.83 ms, found 2 plugins.
Preloading 0 native plugins for Editor in 0.00 ms.
Unloading 4430 Unused Serialized files (Serialized files now loaded: 0)
System memory in use before: 187.7 MB.
System memory in use after: 187.8 MB.

Unloading 17 unused Assets to reduce memory usage. Loaded Objects now: 5209.
Total: 3.566700 ms (FindLiveObjects: 0.399200 ms CreateObjectMapping: 0.133900 ms MarkObjects: 2.907400 ms  DeleteObjects: 0.125100 ms)

========================================================================
Received Prepare
Registering precompiled user dll's ...
Registered in 0.005146 seconds.
Begin MonoManager ReloadAssembly
Native extension for WindowsStandalone target not found
Native extension for WebGL target not found
Refreshing native plugins compatible for Editor in 1.12 ms, found 2 plugins.
Preloading 0 native plugins for Editor in 0.00 ms.
Mono: successfully reloaded assembly
- Completed reload, in  1.300 seconds
Platform modules already initialized, skipping
Shader 'Universal Render Pipeline/Particles/Lit': fallback shader 'Universal Render Pipeline/Particles/SimpleLit' not found
Refreshing native plugins compatible for Editor in 0.94 ms, found 2 plugins.
Preloading 0 native plugins for Editor in 0.00 ms.
Unloading 4430 Unused Serialized files (Serialized files now loaded: 0)
System memory in use before: 187.7 MB.
System memory in use after: 187.8 MB.

Unloading 17 unused Assets to reduce memory usage. Loaded Objects now: 5213.
Total: 3.787200 ms (FindLiveObjects: 0.443600 ms CreateObjectMapping: 0.136000 ms MarkObjects: 3.077900 ms  DeleteObjects: 0.127500 ms)

========================================================================
Received Prepare
Registering precompiled user dll's ...
Registered in 0.004908 seconds.
Begin MonoManager ReloadAssembly
Native extension for WindowsStandalone target not found
Native extension for WebGL target not found
Refreshing native plugins compatible for Editor in 0.83 ms, found 2 plugins.
Preloading 0 native plugins for Editor in 0.00 ms.
Mono: successfully reloaded assembly
- Completed reload, in  1.256 seconds
Platform modules already initialized, skipping
Shader 'Universal Render Pipeline/Particles/Lit': fallback shader 'Universal Render Pipeline/Particles/SimpleLit' not found
Refreshing native plugins compatible for Editor in 0.89 ms, found 2 plugins.
Preloading 0 native plugins for Editor in 0.00 ms.
Unloading 4430 Unused Serialized files (Serialized files now loaded: 0)
System memory in use before: 187.7 MB.
System memory in use after: 187.8 MB.

Unloading 17 unused Assets to reduce memory usage. Loaded Objects now: 5217.
Total: 3.207400 ms (FindLiveObjects: 0.478900 ms CreateObjectMapping: 0.157400 ms MarkObjects: 2.452100 ms  DeleteObjects: 0.118000 ms)

========================================================================
Received Prepare
Registering precompiled user dll's ...
Registered in 0.005467 seconds.
Begin MonoManager ReloadAssembly
Native extension for WindowsStandalone target not found
Native extension for WebGL target not found
Refreshing native plugins compatible for Editor in 0.81 ms, found 2 plugins.
Preloading 0 native plugins for Editor in 0.00 ms.
Mono: successfully reloaded assembly
- Completed reload, in  1.262 seconds
Platform modules already initialized, skipping
Shader 'Universal Render Pipeline/Particles/Lit': fallback shader 'Universal Render Pipeline/Particles/SimpleLit' not found
Refreshing native plugins compatible for Editor in 0.78 ms, found 2 plugins.
Preloading 0 native plugins for Editor in 0.00 ms.
Unloading 4430 Unused Serialized files (Serialized files now loaded: 0)
System memory in use before: 187.7 MB.
System memory in use after: 187.8 MB.

Unloading 17 unused Assets to reduce memory usage. Loaded Objects now: 5221.
Total: 4.178000 ms (FindLiveObjects: 0.608000 ms CreateObjectMapping: 0.280600 ms MarkObjects: 3.165000 ms  DeleteObjects: 0.122200 ms)

========================================================================
Received Prepare
Registering precompiled user dll's ...
Registered in 0.005440 seconds.
Begin MonoManager ReloadAssembly
Native extension for WindowsStandalone target not found
Native extension for WebGL target not found
Refreshing native plugins compatible for Editor in 1.13 ms, found 2 plugins.
Preloading 0 native plugins for Editor in 0.00 ms.
Mono: successfully reloaded assembly
- Completed reload, in  1.256 seconds
Platform modules already initialized, skipping
Shader 'Universal Render Pipeline/Particles/Lit': fallback shader 'Universal Render Pipeline/Particles/SimpleLit' not found
Refreshing native plugins compatible for Editor in 1.18 ms, found 2 plugins.
Preloading 0 native plugins for Editor in 0.00 ms.
Unloading 4430 Unused Serialized files (Serialized files now loaded: 0)
System memory in use before: 187.7 MB.
System memory in use after: 187.8 MB.

Unloading 17 unused Assets to reduce memory usage. Loaded Objects now: 5225.
Total: 3.408900 ms (FindLiveObjects: 0.398900 ms CreateObjectMapping: 0.122600 ms MarkObjects: 2.762500 ms  DeleteObjects: 0.123500 ms)

========================================================================
Received Prepare
Registering precompiled user dll's ...
Registered in 0.004827 seconds.
Begin MonoManager ReloadAssembly
Native extension for WindowsStandalone target not found
Native extension for WebGL target not found
Refreshing native plugins compatible for Editor in 0.92 ms, found 2 plugins.
Preloading 0 native plugins for Editor in 0.00 ms.
Mono: successfully reloaded assembly
- Completed reload, in  1.253 seconds
Platform modules already initialized, skipping
Shader 'Universal Render Pipeline/Particles/Lit': fallback shader 'Universal Render Pipeline/Particles/SimpleLit' not found
Refreshing native plugins compatible for Editor in 0.81 ms, found 2 plugins.
Preloading 0 native plugins for Editor in 0.00 ms.
Unloading 4430 Unused Serialized files (Serialized files now loaded: 0)
System memory in use before: 187.7 MB.
System memory in use after: 187.8 MB.

Unloading 17 unused Assets to reduce memory usage. Loaded Objects now: 5229.
Total: 3.027600 ms (FindLiveObjects: 0.374500 ms CreateObjectMapping: 0.122300 ms MarkObjects: 2.416000 ms  DeleteObjects: 0.113500 ms)

========================================================================
Received Import Request.
  Time since last request: 871.755646 seconds.
  path: Assets/Filters/ObstacleLayer1.asset
  artifactKey: Guid(03f6c7a12187ac741b35f172c3849cdb) Importer(815301076,1909f56bfc062723c751e8b465ee728b)
Start importing Assets/Filters/ObstacleLayer1.asset using Guid(03f6c7a12187ac741b35f172c3849cdb) Importer(815301076,1909f56bfc062723c751e8b465ee728b)  -> (artifact id: '57ef647bf2b77959e25ab7768e0f6483') in 0.019334 seconds 
========================================================================
Received Prepare
Registering precompiled user dll's ...
Registered in 0.004896 seconds.
Begin MonoManager ReloadAssembly
Native extension for WindowsStandalone target not found
Native extension for WebGL target not found
Refreshing native plugins compatible for Editor in 0.82 ms, found 2 plugins.
Preloading 0 native plugins for Editor in 0.00 ms.
Mono: successfully reloaded assembly
- Completed reload, in  1.292 seconds
Platform modules already initialized, skipping
Shader 'Universal Render Pipeline/Particles/Lit': fallback shader 'Universal Render Pipeline/Particles/SimpleLit' not found
Refreshing native plugins compatible for Editor in 0.83 ms, found 2 plugins.
Preloading 0 native plugins for Editor in 0.00 ms.
Unloading 4430 Unused Serialized files (Serialized files now loaded: 0)
System memory in use before: 187.7 MB.
System memory in use after: 187.8 MB.

Unloading 17 unused Assets to reduce memory usage. Loaded Objects now: 5233.
Total: 3.584200 ms (FindLiveObjects: 0.404300 ms CreateObjectMapping: 0.119300 ms MarkObjects: 2.935800 ms  DeleteObjects: 0.123700 ms)

========================================================================
Received Prepare
Registering precompiled user dll's ...
Registered in 0.004929 seconds.
Begin MonoManager ReloadAssembly
Native extension for WindowsStandalone target not found
Native extension for WebGL target not found
Refreshing native plugins compatible for Editor in 0.79 ms, found 2 plugins.
Preloading 0 native plugins for Editor in 0.00 ms.
Mono: successfully reloaded assembly
- Completed reload, in  1.237 seconds
Platform modules already initialized, skipping
Shader 'Universal Render Pipeline/Particles/Lit': fallback shader 'Universal Render Pipeline/Particles/SimpleLit' not found
Refreshing native plugins compatible for Editor in 0.80 ms, found 2 plugins.
Preloading 0 native plugins for Editor in 0.00 ms.
Unloading 4430 Unused Serialized files (Serialized files now loaded: 0)
System memory in use before: 187.7 MB.
System memory in use after: 187.8 MB.

Unloading 17 unused Assets to reduce memory usage. Loaded Objects now: 5237.
Total: 3.285800 ms (FindLiveObjects: 0.378400 ms CreateObjectMapping: 0.118000 ms MarkObjects: 2.662800 ms  DeleteObjects: 0.125100 ms)

========================================================================
Received Prepare
Registering precompiled user dll's ...
Registered in 0.004913 seconds.
Begin MonoManager ReloadAssembly
Native extension for WindowsStandalone target not found
Native extension for WebGL target not found
Refreshing native plugins compatible for Editor in 0.81 ms, found 2 plugins.
Preloading 0 native plugins for Editor in 0.00 ms.
Mono: successfully reloaded assembly
- Completed reload, in  1.215 seconds
Platform modules already initialized, skipping
Shader 'Universal Render Pipeline/Particles/Lit': fallback shader 'Universal Render Pipeline/Particles/SimpleLit' not found
Refreshing native plugins compatible for Editor in 0.78 ms, found 2 plugins.
Preloading 0 native plugins for Editor in 0.00 ms.
Unloading 4430 Unused Serialized files (Serialized files now loaded: 0)
System memory in use before: 187.7 MB.
System memory in use after: 187.9 MB.

Unloading 17 unused Assets to reduce memory usage. Loaded Objects now: 5241.
Total: 3.302600 ms (FindLiveObjects: 0.405100 ms CreateObjectMapping: 0.122600 ms MarkObjects: 2.650800 ms  DeleteObjects: 0.122900 ms)

========================================================================
Received Prepare
Registering precompiled user dll's ...
Registered in 0.005099 seconds.
Begin MonoManager ReloadAssembly
Native extension for WindowsStandalone target not found
Native extension for WebGL target not found
Refreshing native plugins compatible for Editor in 0.78 ms, found 2 plugins.
Preloading 0 native plugins for Editor in 0.00 ms.
Mono: successfully reloaded assembly
- Completed reload, in  1.217 seconds
Platform modules already initialized, skipping
Shader 'Universal Render Pipeline/Particles/Lit': fallback shader 'Universal Render Pipeline/Particles/SimpleLit' not found
Refreshing native plugins compatible for Editor in 0.87 ms, found 2 plugins.
Preloading 0 native plugins for Editor in 0.00 ms.
Unloading 4430 Unused Serialized files (Serialized files now loaded: 0)
System memory in use before: 187.7 MB.
System memory in use after: 187.9 MB.

Unloading 17 unused Assets to reduce memory usage. Loaded Objects now: 5245.
Total: 3.350800 ms (FindLiveObjects: 0.410500 ms CreateObjectMapping: 0.121300 ms MarkObjects: 2.688100 ms  DeleteObjects: 0.129900 ms)

========================================================================
Received Prepare
Registering precompiled user dll's ...
Registered in 0.004961 seconds.
Begin MonoManager ReloadAssembly
Native extension for WindowsStandalone target not found
Native extension for WebGL target not found
Refreshing native plugins compatible for Editor in 0.78 ms, found 2 plugins.
Preloading 0 native plugins for Editor in 0.00 ms.
Mono: successfully reloaded assembly
- Completed reload, in  1.210 seconds
Platform modules already initialized, skipping
Shader 'Universal Render Pipeline/Particles/Lit': fallback shader 'Universal Render Pipeline/Particles/SimpleLit' not found
Refreshing native plugins compatible for Editor in 0.82 ms, found 2 plugins.
Preloading 0 native plugins for Editor in 0.00 ms.
Unloading 4430 Unused Serialized files (Serialized files now loaded: 0)
System memory in use before: 187.7 MB.
System memory in use after: 187.9 MB.

Unloading 17 unused Assets to reduce memory usage. Loaded Objects now: 5249.
Total: 3.378700 ms (FindLiveObjects: 0.394100 ms CreateObjectMapping: 0.122100 ms MarkObjects: 2.739000 ms  DeleteObjects: 0.121900 ms)

========================================================================
Received Prepare
Shader 'Universal Render Pipeline/Particles/Lit': fallback shader 'Universal Render Pipeline/Particles/SimpleLit' not found
Refreshing native plugins compatible for Editor in 4.39 ms, found 2 plugins.
Preloading 0 native plugins for Editor in 0.00 ms.
Unloading 15 Unused Serialized files (Serialized files now loaded: 0)
System memory in use before: 100.3 MB.
System memory in use after: 100.5 MB.

Unloading 15 unused Assets to reduce memory usage. Loaded Objects now: 5249.
Total: 3.123400 ms (FindLiveObjects: 0.417600 ms CreateObjectMapping: 0.120600 ms MarkObjects: 2.463000 ms  DeleteObjects: 0.121300 ms)

AssetImportWorkerClient::OnTransportError - code=2 error=End of file
